<?xml version="1.0" encoding="UTF-8"?>
<!-- Generated by org.testng.reporters.JUnitXMLReporter -->
<testsuite ignored="0" hostname="DESKTOP-5TIF6EU" failures="1" tests="19" name="Different testing features test" time="21.524" errors="0" timestamp="2021-10-19T23:06:53 IST">
  <testcase classname="com.test.GoogleTest" name="googletitle" time="0.111"/>
  <testcase classname="com.test.GoogleTest" name="logotest" time="0.125"/>
  <testcase classname="com.test.GoogleTest" name="maillink" time="0.093"/>
  <testcase classname="com.test.GoogleTest" name="test1" time="0.002"/>
  <testcase classname="com.test.InvocationCount" name="infiniteloop" time="2.018">
    <failure type="org.testng.internal.thread.ThreadTimeoutException" message="Method com.test.InvocationCount.infiniteloop() didn&amp;apos;t finish within the time-out 2000">
      <![CDATA[org.testng.internal.thread.ThreadTimeoutException: Method com.test.InvocationCount.infiniteloop() didn't finish within the time-out 2000
at java.base/java.util.ArrayList.forEach(ArrayList.java:1511)
... Removed 24 stack frames]]>
    </failure>
  </testcase> <!-- infiniteloop -->
  <testcase classname="com.test.InvocationCount" name="sum" time="0.001"/>
  <testcase classname="com.test.InvocationCount" name="sum" time="0.001"/>
  <testcase classname="com.test.InvocationCount" name="sum" time="0.006"/>
  <testcase classname="com.test.InvocationCount" name="sum" time="0.002"/>
  <testcase classname="com.test.InvocationCount" name="sum" time="0.002"/>
  <testcase classname="com.test.InvocationCount" name="sum" time="0.002"/>
  <testcase classname="com.test.InvocationCount" name="sum" time="0.003"/>
  <testcase classname="com.test.InvocationCount" name="sum" time="0.003"/>
  <testcase classname="com.test.InvocationCount" name="sum" time="0.002"/>
  <testcase classname="com.test.InvocationCount" name="sum" time="0.006"/>
  <testcase classname="com.test.TestNGBasic" name="searchtest" time="0.001"/>
  <testcase classname="com.test.TestNGBasic" name="title" time="0.002"/>
  <testcase classname="com.test.TestNGFeatures" name="login" time="0.002"/>
  <testcase classname="com.test.TestNGFeatures" name="homepage" time="0.001"/>
</testsuite> <!-- Different testing features test -->
