<?xml version="1.0" encoding="UTF-8"?>
<!-- Generated by org.testng.reporters.JUnitXMLReporter -->
<testsuite ignored="0" hostname="DESKTOP-5TIF6EU" failures="1" tests="19" name=" TestNG different features" time="34.569" errors="0" timestamp="2021-10-27T11:04:11 IST">
  <testcase classname="com.test.GoogleTest" name="googletitle" time="0.022"/>
  <testcase classname="com.test.GoogleTest" name="logotest" time="0.167"/>
  <testcase classname="com.test.GoogleTest" name="maillink" time="0.409"/>
  <testcase classname="com.test.GoogleTest" name="test1" time="0.002"/>
  <testcase classname="com.test.TestNGBasic" name="searchtest" time="0.001"/>
  <testcase classname="com.test.TestNGBasic" name="title" time="0.002"/>
  <testcase classname="com.test.TestNGFeatures" name="infiniteloop" time="0.03">
    <failure type="org.testng.internal.thread.ThreadTimeoutException" message="Method com.test.TestNGFeatures.infiniteloop() didn&amp;apos;t finish within the time-out 2">
      <![CDATA[org.testng.internal.thread.ThreadTimeoutException: Method com.test.TestNGFeatures.infiniteloop() didn't finish within the time-out 2
at java.base/java.util.ArrayList.forEach(ArrayList.java:1511)
... Removed 24 stack frames]]>
    </failure>
  </testcase> <!-- infiniteloop -->
  <testcase classname="com.test.TestNGFeatures" name="login" time="0.011"/>
  <testcase classname="com.test.TestNGFeatures" name="homepage" time="0.005"/>
  <testcase classname="com.test.TestNGFeatures" name="sum" time="0.005"/>
  <testcase classname="com.test.TestNGFeatures" name="sum" time="0.001"/>
  <testcase classname="com.test.TestNGFeatures" name="sum" time="0.003"/>
  <testcase classname="com.test.TestNGFeatures" name="sum" time="0.015"/>
  <testcase classname="com.test.TestNGFeatures" name="sum" time="0.015"/>
  <testcase classname="com.test.TestNGFeatures" name="sum" time="0.009"/>
  <testcase classname="com.test.TestNGFeatures" name="sum" time="0.09"/>
  <testcase classname="com.test.TestNGFeatures" name="sum" time="0.034"/>
  <testcase classname="com.test.TestNGFeatures" name="sum" time="0.017"/>
  <testcase classname="com.test.TestNGFeatures" name="sum" time="0.005"/>
</testsuite> <!--  TestNG different features -->
