<?xml version="1.0" encoding="UTF-8"?>
<!-- Generated by org.testng.reporters.JUnitXMLReporter -->
<testsuite ignored="0" hostname="DESKTOP-5TIF6EU" failures="0" tests="4" name="Test" time="71.761" errors="0" timestamp="2021-10-29T19:18:38 IST">
  <testcase classname="com.Uber.DataDrivenUber" name="Uber" time="1.713"/>
  <testcase classname="com.Uber.DataDrivenUber" name="Uber" time="1.181"/>
  <testcase classname="com.Uber.DataDrivenUber" name="Uber" time="1.32"/>
  <testcase classname="com.Uber.DataDrivenUber" name="Uber" time="1.158"/>
</testsuite> <!-- Test -->
